Summary of SPARK analysis
=========================

-----------------------------------------------------------------------------------------------
SPARK Analysis results        Total        Flow   CodePeer      Provers   Justified    Unproved
-----------------------------------------------------------------------------------------------
Data Dependencies                16           5          .            .           .          11
Flow Dependencies                16          16          .            .           .           .
Initialization                    .           .          .            .           .           .
Non-Aliasing                      .           .          .            .           .           .
Run-time Checks                  16           .          .    16 (CVC4)           .           .
Assertions                        .           .          .            .           .           .
Functional Contracts             16           .          .    14 (CVC4)           .           2
LSP Verification                  .           .          .            .           .           .
Termination                       .           .          .            .           .           .
Concurrency                       .           .          .            .           .           .
-----------------------------------------------------------------------------------------------
Total                            64    21 (33%)          .     30 (47%)           .    13 (20%)


max steps used for successful proof: 1

Analyzed 3 units
in unit housecontrolsystem, 17 subprograms and packages out of 17 analyzed
  HouseControlSystem at housecontrolsystem.ads:3 flow analyzed (0 errors, 0 checks and 0 warnings) and proved (0 checks)
  HouseControlSystem.Are_Doors_Safe at housecontrolsystem.ads:95 flow analyzed (0 errors, 0 checks and 0 warnings) and not proved, 0 checks out of 1 proved
  HouseControlSystem.Check_CO_Level at housecontrolsystem.ads:74 flow analyzed (0 errors, 1 checks and 0 warnings) and not proved, 0 checks out of 1 proved
  HouseControlSystem.Close_Fridge_Door at housecontrolsystem.ads:32 flow analyzed (0 errors, 1 checks and 0 warnings) and proved (1 checks)
  HouseControlSystem.Close_Oven_Door at housecontrolsystem.ads:44 flow analyzed (0 errors, 1 checks and 0 warnings) and proved (1 checks)
  HouseControlSystem.Close_Window at housecontrolsystem.ads:62 flow analyzed (0 errors, 1 checks and 0 warnings) and proved (1 checks)
  HouseControlSystem.Decrease_Temperature at housecontrolsystem.ads:111 flow analyzed (0 errors, 1 checks and 0 warnings) and proved (7 checks)
  HouseControlSystem.Increase_Temperature at housecontrolsystem.ads:105 flow analyzed (0 errors, 1 checks and 0 warnings) and proved (7 checks)
  HouseControlSystem.Is_CO_Level_Safe at housecontrolsystem.ads:100 flow analyzed (0 errors, 0 checks and 0 warnings) and proved (1 checks)
  HouseControlSystem.Is_Heating_Safe at housecontrolsystem.ads:85 flow analyzed (0 errors, 0 checks and 0 warnings) and proved (1 checks)
  HouseControlSystem.Is_Humidity_Safe at housecontrolsystem.ads:90 flow analyzed (0 errors, 0 checks and 0 warnings) and proved (1 checks)
  HouseControlSystem.Is_Temperature_Safe at housecontrolsystem.ads:80 flow analyzed (0 errors, 0 checks and 0 warnings) and proved (1 checks)
  HouseControlSystem.Open_Fridge_Door at housecontrolsystem.ads:26 flow analyzed (0 errors, 1 checks and 0 warnings) and proved (1 checks)
  HouseControlSystem.Open_Oven_Door at housecontrolsystem.ads:38 flow analyzed (0 errors, 1 checks and 0 warnings) and proved (1 checks)
  HouseControlSystem.Open_Window at housecontrolsystem.ads:50 flow analyzed (0 errors, 1 checks and 0 warnings) and proved (1 checks)
  HouseControlSystem.Turn_Heating_Off at housecontrolsystem.ads:68 flow analyzed (0 errors, 1 checks and 0 warnings) and proved (1 checks)
  HouseControlSystem.Turn_Heating_On at housecontrolsystem.ads:56 flow analyzed (0 errors, 1 checks and 0 warnings) and proved (1 checks)
in unit main, 0 subprograms and packages out of 1 analyzed
  Main at main.adb:5 skipped
in unit spacecontrolsystem, 14 subprograms and packages out of 14 analyzed
  Spacecontrolsystem at spacecontrolsystem.ads:3 flow analyzed (0 errors, 0 checks and 0 warnings) and proved (0 checks)
  Spacecontrolsystem."and" at spacecontrolsystem.adb:143 flow analyzed (0 errors, 0 checks and 0 warnings) and proved (0 checks)
  Spacecontrolsystem.Add_Module_To_Station at spacecontrolsystem.ads:51 flow analyzed (0 errors, 0 checks and 0 warnings) and proved (1 checks)
  Spacecontrolsystem.Adjust_Station_Distance_From_Earth at spacecontrolsystem.ads:48 flow analyzed (0 errors, 0 checks and 0 warnings) and proved (2 checks)
  Spacecontrolsystem.Both_Doors_Closed at spacecontrolsystem.ads:49 flow analyzed (0 errors, 0 checks and 0 warnings) and proved (0 checks)
  Spacecontrolsystem.Both_Doors_Open at spacecontrolsystem.ads:50 flow analyzed (0 errors, 0 checks and 0 warnings) and proved (0 checks)
  Spacecontrolsystem.Can_Add_Module_To_Station at spacecontrolsystem.ads:53 flow analyzed (0 errors, 0 checks and 0 warnings) and proved (0 checks)
  Spacecontrolsystem.Close_Airlock_Door_1 at spacecontrolsystem.ads:46 flow analyzed (0 errors, 0 checks and 0 warnings) and proved (0 checks)
  Spacecontrolsystem.Close_Airlock_Door_2 at spacecontrolsystem.ads:47 flow analyzed (0 errors, 0 checks and 0 warnings) and proved (0 checks)
  Spacecontrolsystem.End_EVA at spacecontrolsystem.ads:55 flow analyzed (0 errors, 0 checks and 0 warnings) and proved (0 checks)
  Spacecontrolsystem.Open_Airlock_Door_1 at spacecontrolsystem.ads:44 flow analyzed (0 errors, 0 checks and 0 warnings) and proved (0 checks)
  Spacecontrolsystem.Open_Airlock_Door_2 at spacecontrolsystem.ads:45 flow analyzed (0 errors, 0 checks and 0 warnings) and proved (0 checks)
  Spacecontrolsystem.Remove_Last_Module_From_Station at spacecontrolsystem.ads:54 flow analyzed (0 errors, 0 checks and 0 warnings) and proved (1 checks)
  Spacecontrolsystem.Start_Space_Walk at spacecontrolsystem.ads:57 flow analyzed (0 errors, 0 checks and 0 warnings) and proved (0 checks)
