Summary of SPARK analysis
=========================

-----------------------------------------------------------------------------------------
SPARK Analysis results        Total      Flow   CodePeer   Provers   Justified   Unproved
-----------------------------------------------------------------------------------------
Data Dependencies                 .         .          .         .           .          .
Flow Dependencies                 .         .          .         .           .          .
Initialization                    .         .          .         .           .          .
Non-Aliasing                      .         .          .         .           .          .
Run-time Checks                   .         .          .         .           .          .
Assertions                        .         .          .         .           .          .
Functional Contracts              .         .          .         .           .          .
LSP Verification                  .         .          .         .           .          .
Termination                       .         .          .         .           .          .
Concurrency                       .         .          .         .           .          .
-----------------------------------------------------------------------------------------
Total                             .         .          .         .           .          .


max steps used for successful proof: 0

Analyzed 1 unit
in unit spacecontrolsystem, 14 subprograms and packages out of 14 analyzed
  Spacecontrolsystem at spacecontrolsystem.ads:3 flow analyzed (0 errors, 0 checks and 0 warnings) and proved (0 checks)
  Spacecontrolsystem."and" at spacecontrolsystem.adb:143 flow analyzed (0 errors, 0 checks and 0 warnings) and proved (0 checks)
  Spacecontrolsystem.Add_Module_To_Station at spacecontrolsystem.ads:51 flow analyzed (0 errors, 0 checks and 0 warnings) and proved (0 checks)
  Spacecontrolsystem.Adjust_Station_Distance_From_Earth at spacecontrolsystem.ads:48 flow analyzed (0 errors, 0 checks and 0 warnings) and proved (0 checks)
  Spacecontrolsystem.Both_Doors_Closed at spacecontrolsystem.ads:49 flow analyzed (0 errors, 0 checks and 0 warnings) and proved (0 checks)
  Spacecontrolsystem.Both_Doors_Open at spacecontrolsystem.ads:50 flow analyzed (0 errors, 0 checks and 0 warnings) and proved (0 checks)
  Spacecontrolsystem.Can_Add_Module_To_Station at spacecontrolsystem.ads:53 flow analyzed (0 errors, 0 checks and 0 warnings) and proved (0 checks)
  Spacecontrolsystem.Close_Airlock_Door_1 at spacecontrolsystem.ads:46 flow analyzed (0 errors, 0 checks and 0 warnings) and proved (0 checks)
  Spacecontrolsystem.Close_Airlock_Door_2 at spacecontrolsystem.ads:47 flow analyzed (0 errors, 0 checks and 0 warnings) and proved (0 checks)
  Spacecontrolsystem.End_EVA at spacecontrolsystem.ads:55 flow analyzed (0 errors, 0 checks and 0 warnings) and proved (0 checks)
  Spacecontrolsystem.Open_Airlock_Door_1 at spacecontrolsystem.ads:44 flow analyzed (0 errors, 0 checks and 0 warnings) and proved (0 checks)
  Spacecontrolsystem.Open_Airlock_Door_2 at spacecontrolsystem.ads:45 flow analyzed (0 errors, 0 checks and 0 warnings) and proved (0 checks)
  Spacecontrolsystem.Remove_Last_Module_From_Station at spacecontrolsystem.ads:54 flow analyzed (0 errors, 0 checks and 0 warnings) and proved (0 checks)
  Spacecontrolsystem.Start_Space_Walk at spacecontrolsystem.ads:57 flow analyzed (0 errors, 0 checks and 0 warnings) and proved (0 checks)
